<?xml version="1.0" encoding="UTF-8"?>
<testsuite xmlns:xsi="http://www.w3.org/2001/XMLSchema-instance" xsi:noNamespaceSchemaLocation="https://maven.apache.org/surefire/maven-surefire-plugin/xsd/surefire-test-report-3.0.xsd" version="3.0" name="com.lesistemas.whatsapi.WhatsappApiApplicationTests" time="45.734" tests="1" errors="0" skipped="0" failures="0">
  <properties>
[...]
</properties>
  <testcase name="contextLoads" classname="com.lesistemas.whatsapi.WhatsappApiApplicationTests" time="10.757">
    <system-out><![CDATA[11:56:25.494 [main] INFO org.springframework.test.context.support.AnnotationConfigContextLoaderUtils -- Could not detect default configuration classes for test class [com.lesistemas.whatsapi.WhatsappApiApplicationTests]: WhatsappApiApplicationTests does not declare any static, non-private, non-final, nested classes annotated with @Configuration.
11:56:25.738 [main] INFO org.springframework.boot.test.context.SpringBootTestContextBootstrapper -- Found @SpringBootConfiguration com.lesistemas.whatsapi.WhatsappApiApplication for test class com.lesistemas.whatsapi.WhatsappApiApplicationTests

  .   ____          _            __ _ _
 /\\ / ___'_ __ _ _(_)_ __  __ _ \ \ \ \
( ( )\___ | '_ | '_| | '_ \/ _` | \ \ \ \
 \\/  ___)| |_)| | | | | || (_| |  ) ) ) )
  '  |____| .__|_| |_|_| |_\__, | / / / /
 =========|_|==============|___/=/_/_/_/
 :: Spring Boot ::                (v3.2.3)

2024-02-25T11:56:27.332-03:00  INFO 4459 --- [           main] c.l.w.WhatsappApiApplicationTests        : Starting WhatsappApiApplicationTests using Java 17.0.10 with PID 4459 (started by macbookpro in /Users/macbookpro/Documents/Projetos Spring/whatsapp-api)
2024-02-25T11:56:27.334-03:00  INFO 4459 --- [           main] c.l.w.WhatsappApiApplicationTests        : No active profile set, falling back to 1 default profile: "default"
Instanciando o Seleniun webdriver
2024-02-25T11:56:59.070-03:00  INFO 4459 --- [           main] c.l.w.WhatsappApiApplicationTests        : Started WhatsappApiApplicationTests in 32.87 seconds (process running for 35.103)
2024-02-25T11:57:10.481-03:00  WARN 4459 --- [       Thread-5] org.openqa.selenium.os.ExternalProcess   : failed to copy the output of process 4482

java.io.IOException: Stream closed
	at java.base/java.io.BufferedInputStream.getBufIfOpen(BufferedInputStream.java:168) ~[na:na]
	at java.base/java.io.BufferedInputStream.read(BufferedInputStream.java:334) ~[na:na]
	at java.base/java.io.InputStream.transferTo(InputStream.java:782) ~[na:na]
	at org.openqa.selenium.os.ExternalProcess$Builder.lambda$start$0(ExternalProcess.java:209) ~[selenium-os-4.14.1.jar:na]
	at java.base/java.lang.Thread.run(Thread.java:840) ~[na:na]

]]></system-out>
  </testcase>
</testsuite>